2026-02-16 20:05:18,856 - INFO - 成功读取 3 个联系人
2026-02-16 20:05:18,857 - INFO - 程序将在 10 秒后开始，请切换到微信界面
2026-02-16 20:05:29,933 - INFO - 微信窗口已激活
2026-02-16 20:05:29,934 - INFO - 正在给 240吴雅岚 发送祝福
2026-02-16 20:06:04,144 - INFO - 成功读取 3 个联系人
2026-02-16 20:06:04,144 - INFO - 程序将在 10 秒后开始，请切换到微信界面
2026-02-16 20:06:15,225 - INFO - 微信窗口已激活
2026-02-16 20:06:15,226 - INFO - 正在给 240吴雅岚 发送祝福
2026-02-16 20:06:22,527 - INFO - 给 240吴雅岚 发送成功
2026-02-16 20:06:24,544 - INFO - 正在给 吴梦辉 发送祝福
2026-02-16 20:06:31,833 - INFO - 给 吴梦辉 发送成功
2026-02-16 20:06:33,844 - INFO - 正在给 241高芷涵 发送祝福
2026-02-16 20:07:11,755 - INFO - 成功读取 3 个联系人
2026-02-16 20:07:11,755 - INFO - 程序将在 10 秒后开始，请切换到微信界面
2026-02-16 20:07:22,861 - INFO - 微信窗口已激活
2026-02-16 20:07:22,864 - INFO - 正在给 240吴雅岚 发送祝福
2026-02-16 20:07:30,170 - INFO - 给 240吴雅岚 发送成功
2026-02-16 20:07:32,176 - INFO - 正在给 吴梦辉 发送祝福
2026-02-16 20:07:39,443 - INFO - 给 吴梦辉 发送成功
2026-02-16 20:10:25,742 - INFO - 成功读取 3 个联系人
2026-02-16 20:10:25,744 - INFO - 程序将在 10 秒后开始，请切换到微信界面
2026-02-16 20:10:36,826 - INFO - 微信窗口已激活
2026-02-16 20:10:36,828 - INFO - 正在给 240吴雅岚 发送祝福
2026-02-16 20:11:19,943 - INFO - 成功读取 3 个联系人
2026-02-16 20:11:19,944 - INFO - 程序将在 10 秒后开始，请切换到微信界面
2026-02-16 20:11:31,021 - INFO - 微信窗口已激活
2026-02-16 20:11:31,023 - INFO - 正在给 240吴雅岚 发送祝福
2026-02-16 20:11:38,141 - INFO - 给 240吴雅岚 发送成功
2026-02-16 20:11:40,153 - INFO - 正在给 吴梦辉 发送祝福
2026-02-16 20:11:47,272 - INFO - 给 吴梦辉 发送成功
2026-02-16 20:13:47,243 - INFO - 成功读取 3 个联系人
2026-02-16 20:13:47,244 - INFO - 程序将在 10 秒后开始，请切换到微信界面
2026-02-16 20:13:58,325 - INFO - 微信窗口已激活
2026-02-16 20:13:58,327 - INFO - 正在给 240吴雅岚 发送祝福
2026-02-16 20:14:05,172 - INFO - 给 240吴雅岚 发送成功
2026-02-16 20:14:07,186 - INFO - 正在给 吴梦辉 发送祝福
2026-02-16 20:14:14,008 - INFO - 给 吴梦辉 发送成功
2026-02-16 20:14:16,022 - INFO - 正在给 241高芷涵 发送祝福
2026-02-16 20:14:22,785 - INFO - 给 241高芷涵 发送成功
2026-02-16 20:14:24,794 - INFO - 发送完成！成功: 3, 失败: 0
2026-02-16 20:14:40,044 - INFO - 成功读取 3 个联系人
2026-02-16 20:14:40,044 - INFO - 程序将在 10 秒后开始，请切换到微信界面
2026-02-16 20:14:51,117 - INFO - 微信窗口已激活
2026-02-16 20:14:51,118 - INFO - 正在给 240吴雅岚 发送祝福
2026-02-16 20:14:57,960 - INFO - 给 240吴雅岚 发送成功
2026-02-16 20:14:59,966 - INFO - 正在给 吴梦辉 发送祝福
2026-02-16 20:15:06,786 - INFO - 给 吴梦辉 发送成功
2026-02-16 20:15:08,793 - INFO - 正在给 241高芷涵 发送祝福
2026-02-16 20:15:39,645 - INFO - 成功读取 3 个联系人
2026-02-16 20:15:39,646 - INFO - 程序将在 10 秒后开始，请切换到微信界面
2026-02-16 20:15:50,721 - INFO - 微信窗口已激活
2026-02-16 20:15:50,722 - INFO - 正在给 240吴雅岚 发送祝福
2026-02-16 20:15:57,534 - INFO - 给 240吴雅岚 发送成功
2026-02-16 20:15:59,547 - INFO - 正在给 吴梦辉 发送祝福
2026-02-16 20:16:06,387 - INFO - 给 吴梦辉 发送成功
2026-02-16 20:16:08,395 - INFO - 正在给 241高芷涵 发送祝福
2026-02-16 20:16:15,186 - INFO - 给 241高芷涵 发送成功
2026-02-16 20:16:17,191 - INFO - 发送完成！成功: 3, 失败: 0
2026-02-16 20:16:48,757 - INFO - 成功读取 4 个联系人
2026-02-16 20:16:48,758 - INFO - 程序将在 10 秒后开始，请切换到微信界面
2026-02-16 20:16:59,819 - INFO - 微信窗口已激活
2026-02-16 20:16:59,821 - INFO - 正在给 240吴雅岚 发送祝福
2026-02-16 20:17:06,630 - INFO - 给 240吴雅岚 发送成功
2026-02-16 20:17:08,644 - INFO - 正在给 吴梦辉 发送祝福
2026-02-16 20:17:15,458 - INFO - 给 吴梦辉 发送成功
2026-02-16 20:17:17,463 - INFO - 正在给 233班. 发送祝福
2026-02-16 20:17:23,803 - INFO - 成功读取 4 个联系人
2026-02-16 20:17:23,805 - INFO - 程序将在 10 秒后开始，请切换到微信界面
2026-02-16 20:17:34,894 - INFO - 微信窗口已激活
2026-02-16 20:17:34,896 - INFO - 正在给 240吴雅岚 发送祝福
2026-02-16 20:17:41,733 - INFO - 给 240吴雅岚 发送成功
2026-02-16 20:17:43,749 - INFO - 正在给 吴梦辉 发送祝福
2026-02-16 20:17:50,546 - INFO - 给 吴梦辉 发送成功
2026-02-16 20:17:52,557 - INFO - 正在给 233班. 发送祝福
2026-02-16 20:17:59,348 - INFO - 给 233班. 发送成功
2026-02-16 20:18:01,356 - INFO - 正在给 241高芷涵 发送祝福
2026-02-16 20:18:42,493 - INFO - 成功读取 4 个联系人
2026-02-16 20:18:42,494 - INFO - 程序将在 10 秒后开始，请切换到微信界面
2026-02-16 20:18:53,576 - INFO - 微信窗口已激活
2026-02-16 20:18:53,578 - INFO - 正在给 240吴雅岚 发送祝福
2026-02-16 20:19:00,426 - INFO - 给 240吴雅岚 发送成功
2026-02-16 20:19:02,433 - INFO - 正在给 吴梦辉 发送祝福
2026-02-16 20:19:09,261 - INFO - 给 吴梦辉 发送成功
2026-02-16 20:19:11,269 - INFO - 正在给 241高芷涵 发送祝福
2026-02-16 20:19:18,075 - INFO - 给 241高芷涵 发送成功
2026-02-16 20:19:20,090 - INFO - 正在给 . 发送祝福
2026-02-16 20:19:26,920 - INFO - 给 . 发送成功
2026-02-16 20:19:28,927 - INFO - 发送完成！成功: 4, 失败: 0
2026-02-16 20:22:53,098 - INFO - 成功读取 4 个联系人
2026-02-16 20:22:53,099 - INFO - 程序将在 10 秒后开始，请切换到微信界面
2026-02-16 20:23:04,174 - INFO - 微信窗口已激活
2026-02-16 20:23:04,175 - INFO - 正在给 240吴雅岚 发送祝福
2026-02-16 20:23:05,179 - INFO - 微信窗口已激活
2026-02-16 20:23:12,944 - INFO - 微信窗口已激活
2026-02-16 20:23:16,044 - INFO - 给 240吴雅岚 发送成功
2026-02-16 20:23:18,549 - INFO - 正在给 吴梦辉 发送祝福
2026-02-16 20:23:19,554 - INFO - 微信窗口已激活
2026-02-16 20:23:27,303 - INFO - 微信窗口已激活
2026-02-16 20:23:30,417 - INFO - 给 吴梦辉 发送成功
2026-02-16 20:23:32,922 - INFO - 正在给 241高芷涵 发送祝福
2026-02-16 20:23:33,930 - INFO - 微信窗口已激活
2026-02-16 20:23:41,688 - INFO - 微信窗口已激活
2026-02-16 20:23:44,791 - INFO - 给 241高芷涵 发送成功
2026-02-16 20:23:47,294 - INFO - 正在给 . 发送祝福
2026-02-16 20:23:48,300 - INFO - 微信窗口已激活
2026-02-16 20:23:56,063 - INFO - 微信窗口已激活
2026-02-16 20:23:59,182 - INFO - 给 . 发送成功
2026-02-16 20:24:01,687 - INFO - 发送完成！成功: 4, 失败: 0
2026-02-16 20:28:44,628 - INFO - 成功读取 4 个联系人
2026-02-16 20:28:44,629 - INFO - 程序将在 10 秒后开始，请切换到微信界面
2026-02-16 20:28:59,087 - INFO - 成功读取 4 个联系人
2026-02-16 20:28:59,088 - INFO - 程序将在 10 秒后开始，请切换到微信界面
2026-02-16 20:29:10,188 - INFO - 微信窗口已激活
2026-02-16 20:29:10,189 - INFO - 正在给 240吴雅岚 发送祝福
2026-02-16 20:29:11,201 - INFO - 微信窗口已激活
2026-02-16 20:29:18,969 - INFO - 微信窗口已激活
2026-02-16 20:29:22,082 - INFO - 给 240吴雅岚 发送成功
2026-02-16 20:29:24,593 - INFO - 正在给 241高芷涵 发送祝福
2026-02-16 20:29:25,609 - INFO - 微信窗口已激活
2026-02-16 20:29:33,373 - INFO - 微信窗口已激活
2026-02-16 20:29:36,496 - INFO - 给 241高芷涵 发送成功
2026-02-16 20:29:39,005 - INFO - 正在给 吴梦辉 发送祝福
2026-02-16 20:29:40,019 - INFO - 微信窗口已激活
2026-02-16 20:29:47,769 - INFO - 微信窗口已激活
2026-02-16 20:29:50,881 - INFO - 给 吴梦辉 发送成功
2026-02-16 20:29:53,397 - INFO - 正在给 . 发送祝福
2026-02-16 20:29:54,409 - INFO - 微信窗口已激活
2026-02-16 20:30:02,157 - INFO - 微信窗口已激活
2026-02-16 20:30:05,269 - INFO - 给 . 发送成功
2026-02-16 20:30:07,774 - INFO - 发送完成！成功: 4, 失败: 0
2026-02-16 20:31:09,482 - INFO - 成功读取 4 个联系人
2026-02-16 20:31:09,483 - INFO - 程序将在 10 秒后开始，请切换到微信界面
2026-02-16 20:31:20,568 - INFO - 微信窗口已激活
2026-02-16 20:31:20,569 - INFO - 正在给 240吴雅岚 发送祝福
2026-02-16 20:31:21,586 - INFO - 微信窗口已激活
2026-02-16 20:31:29,377 - INFO - 微信窗口已激活
2026-02-16 20:31:32,481 - INFO - 给 240吴雅岚 发送成功
2026-02-16 20:31:34,984 - INFO - 正在给 241高芷涵 发送祝福
2026-02-16 20:31:35,992 - INFO - 微信窗口已激活
2026-02-16 20:31:43,748 - INFO - 微信窗口已激活
2026-02-16 20:31:46,827 - INFO - 给 241高芷涵 发送成功
2026-02-16 20:31:49,331 - INFO - 正在给 吴梦辉 发送祝福
2026-02-16 20:31:50,338 - INFO - 微信窗口已激活
2026-02-16 20:31:58,104 - INFO - 微信窗口已激活
2026-02-16 20:32:01,218 - INFO - 给 吴梦辉 发送成功
2026-02-16 20:32:03,724 - INFO - 正在给 . 发送祝福
2026-02-16 20:32:04,740 - INFO - 微信窗口已激活
2026-02-16 20:32:12,487 - INFO - 微信窗口已激活
2026-02-16 20:32:15,573 - INFO - 给 . 发送成功
2026-02-16 20:32:18,078 - INFO - 发送完成！成功: 4, 失败: 0
2026-02-16 20:33:10,739 - INFO - 成功读取 1 个联系人
2026-02-16 20:33:10,740 - INFO - 程序将在 10 秒后开始，请切换到微信界面
2026-02-16 20:33:21,794 - INFO - 微信窗口已激活
2026-02-16 20:33:21,795 - INFO - 正在给 . 发送祝福
2026-02-16 20:33:22,813 - INFO - 微信窗口已激活
2026-02-16 20:33:30,559 - INFO - 微信窗口已激活
2026-02-16 20:33:33,679 - INFO - 给 . 发送成功
2026-02-16 20:33:36,184 - INFO - 发送完成！成功: 1, 失败: 0
2026-02-16 20:33:40,729 - INFO - 成功读取 1 个联系人
2026-02-16 20:33:40,729 - INFO - 程序将在 10 秒后开始，请切换到微信界面
2026-02-16 20:33:51,800 - INFO - 微信窗口已激活
2026-02-16 20:33:51,802 - INFO - 正在给 . 发送祝福
2026-02-16 20:33:52,816 - INFO - 微信窗口已激活
2026-02-16 20:34:00,562 - INFO - 微信窗口已激活
2026-02-16 20:34:03,685 - INFO - 给 . 发送成功
2026-02-16 20:34:06,202 - INFO - 发送完成！成功: 1, 失败: 0
2026-02-16 20:42:38,838 - INFO - 成功读取 1 个联系人
2026-02-16 20:42:38,840 - INFO - 程序将在 10 秒后开始，请切换到微信界面
2026-02-16 20:42:49,938 - INFO - 微信窗口已激活
2026-02-16 20:42:49,940 - INFO - 正在给 . 发送祝福
2026-02-16 20:42:50,948 - INFO - 微信窗口已激活
2026-02-16 20:42:58,698 - INFO - 微信窗口已激活
2026-02-16 20:43:02,540 - INFO - 给 . 发送成功
2026-02-16 20:43:05,042 - INFO - 发送完成！成功: 1, 失败: 0
2026-02-16 20:43:19,489 - INFO - 成功读取 1 个联系人
2026-02-16 20:43:19,490 - INFO - 程序将在 10 秒后开始，请切换到微信界面
2026-02-16 20:43:30,625 - INFO - 微信窗口已激活
2026-02-16 20:43:30,627 - INFO - 正在给 . 发送祝福
2026-02-16 20:43:31,639 - INFO - 微信窗口已激活
2026-02-16 20:43:39,422 - INFO - 微信窗口已激活
2026-02-16 20:43:43,251 - INFO - 给 . 发送成功
2026-02-16 20:43:45,755 - INFO - 发送完成！成功: 1, 失败: 0
2026-02-16 20:44:06,252 - INFO - 成功读取 4 个联系人
2026-02-16 20:44:06,252 - INFO - 程序将在 10 秒后开始，请切换到微信界面
2026-02-16 20:44:17,380 - INFO - 微信窗口已激活
2026-02-16 20:44:17,382 - INFO - 正在给 240吴雅岚 发送祝福
2026-02-16 20:44:18,399 - INFO - 微信窗口已激活
2026-02-16 20:44:26,152 - INFO - 微信窗口已激活
2026-02-16 20:44:29,995 - INFO - 给 240吴雅岚 发送成功
2026-02-16 20:44:32,500 - INFO - 正在给 . 发送祝福
2026-02-16 20:44:33,512 - INFO - 微信窗口已激活
2026-02-16 20:44:41,242 - INFO - 微信窗口已激活
2026-02-16 20:44:45,063 - INFO - 给 . 发送成功
2026-02-16 20:44:47,573 - INFO - 正在给 吴梦辉 发送祝福
2026-02-16 20:44:48,588 - INFO - 微信窗口已激活
2026-02-16 20:44:56,346 - INFO - 微信窗口已激活
2026-02-16 20:45:00,174 - INFO - 给 吴梦辉 发送成功
2026-02-16 20:45:02,683 - INFO - 正在给 241高芷涵 发送祝福
2026-02-16 20:45:03,694 - INFO - 微信窗口已激活
2026-02-16 20:45:11,455 - INFO - 微信窗口已激活
2026-02-16 20:45:15,303 - INFO - 给 241高芷涵 发送成功
2026-02-16 20:45:17,809 - INFO - 发送完成！成功: 4, 失败: 0
2026-02-16 20:46:00,177 - INFO - 成功读取 4 个联系人
2026-02-16 20:46:00,177 - INFO - 程序将在 10 秒后开始，请切换到微信界面
2026-02-16 20:46:11,248 - INFO - 微信窗口已激活
2026-02-16 20:46:11,250 - INFO - 正在给 240吴雅岚 发送祝福
2026-02-16 20:46:12,268 - INFO - 微信窗口已激活
2026-02-16 20:46:20,012 - INFO - 微信窗口已激活
2026-02-16 20:46:23,860 - INFO - 给 240吴雅岚 发送成功
2026-02-16 20:46:26,367 - INFO - 正在给 . 发送祝福
2026-02-16 20:46:27,373 - INFO - 微信窗口已激活
2026-02-16 20:46:35,121 - INFO - 微信窗口已激活
2026-02-16 20:46:38,940 - INFO - 给 . 发送成功
2026-02-16 20:46:41,453 - INFO - 正在给 吴梦辉 发送祝福
2026-02-16 20:46:42,461 - INFO - 微信窗口已激活
2026-02-16 20:46:50,214 - INFO - 微信窗口已激活
2026-02-16 20:46:54,056 - INFO - 给 吴梦辉 发送成功
2026-02-16 20:46:56,566 - INFO - 正在给 241高芷涵 发送祝福
2026-02-16 20:46:57,569 - INFO - 微信窗口已激活
2026-02-16 20:47:05,313 - INFO - 微信窗口已激活
2026-02-16 20:47:09,148 - INFO - 给 241高芷涵 发送成功
2026-02-16 20:47:11,660 - INFO - 发送完成！成功: 4, 失败: 0
2026-02-16 20:48:50,404 - INFO - 成功读取 4 个联系人
2026-02-16 20:48:50,405 - INFO - 程序将在 10 秒后开始，请切换到微信界面
2026-02-16 20:49:01,475 - INFO - 微信窗口已激活
2026-02-16 20:49:01,477 - INFO - 正在给 240吴雅岚 发送祝福
2026-02-16 20:49:02,492 - INFO - 微信窗口已激活
2026-02-16 20:49:10,282 - INFO - 微信窗口已激活
2026-02-16 20:49:14,122 - INFO - 给 240吴雅岚 发送成功
2026-02-16 20:49:16,628 - INFO - 正在给 . 发送祝福
2026-02-16 20:49:17,633 - INFO - 微信窗口已激活
2026-02-16 20:49:25,410 - INFO - 微信窗口已激活
2026-02-16 20:49:29,266 - INFO - 给 . 发送成功
2026-02-16 20:49:31,779 - INFO - 正在给 吴梦辉 发送祝福
2026-02-16 20:49:32,794 - INFO - 微信窗口已激活
2026-02-16 20:49:40,564 - INFO - 微信窗口已激活
2026-02-16 20:49:44,408 - INFO - 给 吴梦辉 发送成功
2026-02-16 20:49:46,917 - INFO - 正在给 241高芷涵 发送祝福
2026-02-16 20:49:47,924 - INFO - 微信窗口已激活
2026-02-16 20:49:55,704 - INFO - 微信窗口已激活
2026-02-16 20:49:59,562 - INFO - 给 241高芷涵 发送成功
2026-02-16 20:50:02,067 - INFO - 发送完成！成功: 4, 失败: 0
2026-02-16 23:37:33,999 - INFO - 成功读取 4 个联系人
2026-02-16 23:37:34,001 - INFO - 成功读取祝福语模板
2026-02-16 23:37:34,002 - INFO - 成功读取 0 条祝福附加句
2026-02-16 23:37:34,003 - INFO - 程序将在 10 秒后开始，请切换到微信界面
2026-02-16 23:37:53,891 - INFO - 成功读取 3 个联系人
2026-02-16 23:37:53,892 - INFO - 成功读取祝福语模板
2026-02-16 23:37:53,893 - INFO - 成功读取 0 条祝福附加句
2026-02-16 23:37:53,893 - INFO - 程序将在 10 秒后开始，请切换到微信界面
2026-02-16 23:38:04,967 - INFO - 微信窗口已激活
2026-02-16 23:38:04,969 - INFO - 正在给 240吴雅岚 发送祝福
2026-02-16 23:38:05,977 - INFO - 微信窗口已激活
2026-02-16 23:38:13,729 - INFO - 微信窗口已激活
2026-02-16 23:38:14,239 - ERROR - 给 240吴雅岚 发送失败: Cannot choose from an empty sequence
2026-02-16 23:38:16,742 - INFO - 正在给 . 发送祝福
2026-02-16 23:38:17,767 - INFO - 微信窗口已激活
2026-02-16 23:38:25,478 - INFO - 微信窗口已激活
2026-02-16 23:38:25,984 - ERROR - 给 . 发送失败: Cannot choose from an empty sequence
2026-02-16 23:38:56,607 - INFO - 成功读取 3 个联系人
2026-02-16 23:38:56,608 - INFO - 成功读取祝福语模板
2026-02-16 23:38:56,609 - INFO - 成功读取 99 条祝福附加句
2026-02-16 23:38:56,609 - INFO - 程序将在 10 秒后开始，请切换到微信界面
2026-02-16 23:39:07,693 - INFO - 微信窗口已激活
2026-02-16 23:39:07,695 - INFO - 正在给 240吴雅岚 发送祝福
2026-02-16 23:39:08,702 - INFO - 微信窗口已激活
2026-02-16 23:39:16,449 - INFO - 微信窗口已激活
2026-02-16 23:39:20,281 - INFO - 给 240吴雅岚 发送成功
2026-02-16 23:39:22,797 - INFO - 正在给 . 发送祝福
2026-02-16 23:39:23,805 - INFO - 微信窗口已激活
2026-02-16 23:39:31,558 - INFO - 微信窗口已激活
2026-02-16 23:40:03,154 - INFO - 成功读取 3 个联系人
2026-02-16 23:40:03,155 - INFO - 成功读取祝福语模板
2026-02-16 23:40:03,156 - INFO - 成功读取 99 条祝福附加句
2026-02-16 23:40:03,156 - INFO - 程序将在 10 秒后开始，请切换到微信界面
2026-02-16 23:40:14,260 - INFO - 微信窗口已激活
2026-02-16 23:40:14,261 - INFO - 正在给 240吴雅岚 发送祝福
2026-02-16 23:40:15,275 - INFO - 微信窗口已激活
2026-02-16 23:40:23,028 - INFO - 微信窗口已激活
2026-02-16 23:40:26,876 - INFO - 给 240吴雅岚 发送成功
2026-02-16 23:40:29,380 - INFO - 正在给 . 发送祝福
2026-02-16 23:40:30,398 - INFO - 微信窗口已激活
2026-02-16 23:40:38,143 - INFO - 微信窗口已激活
2026-02-16 23:40:41,990 - INFO - 给 . 发送成功
2026-02-16 23:40:44,495 - INFO - 正在给 吴梦辉 发送祝福
2026-02-16 23:40:45,511 - INFO - 微信窗口已激活
2026-02-16 23:40:53,292 - INFO - 微信窗口已激活
2026-02-16 23:40:57,137 - INFO - 给 吴梦辉 发送成功
2026-02-16 23:40:59,650 - INFO - 发送完成！成功: 3, 失败: 0
2026-02-16 23:50:03,748 - INFO - 成功读取 25 个联系人
2026-02-16 23:50:03,749 - INFO - 成功读取祝福语模板
2026-02-16 23:50:03,749 - INFO - 成功读取 99 条祝福附加句
2026-02-16 23:50:03,750 - INFO - 程序将在 10 秒后开始，请切换到微信界面
2026-02-16 23:50:14,799 - INFO - 微信窗口已激活
2026-02-16 23:50:14,801 - INFO - 正在给 240吴雅岚 发送祝福
2026-02-16 23:50:15,818 - INFO - 微信窗口已激活
2026-02-16 23:50:33,623 - INFO - 成功读取 25 个联系人
2026-02-16 23:50:33,624 - INFO - 成功读取祝福语模板
2026-02-16 23:50:33,625 - INFO - 成功读取 99 条祝福附加句
2026-02-16 23:50:33,626 - INFO - 程序将在 10 秒后开始，请切换到微信界面
2026-02-16 23:50:44,688 - INFO - 微信窗口已激活
2026-02-16 23:50:44,691 - INFO - 正在给 240吴雅岚 发送祝福
2026-02-16 23:50:45,693 - INFO - 微信窗口已激活
2026-02-16 23:50:53,405 - INFO - 微信窗口已激活
2026-02-16 23:50:57,244 - INFO - 给 240吴雅岚 发送成功
2026-02-16 23:50:59,752 - INFO - 正在给 . 发送祝福
2026-02-16 23:51:00,759 - INFO - 微信窗口已激活
2026-02-16 23:51:08,491 - INFO - 微信窗口已激活
2026-02-16 23:51:12,297 - INFO - 给 . 发送成功
2026-02-16 23:51:14,809 - INFO - 正在给 letsdev 发送祝福
2026-02-16 23:51:15,815 - INFO - 微信窗口已激活
2026-02-16 23:51:23,542 - INFO - 微信窗口已激活
2026-02-16 23:51:27,372 - INFO - 给 letsdev 发送成功
2026-02-16 23:51:29,888 - INFO - 正在给 241高芷涵 发送祝福
2026-02-16 23:51:30,907 - INFO - 微信窗口已激活
2026-02-17 00:00:53,172 - INFO - 成功读取 26 个联系人
2026-02-17 00:00:53,175 - INFO - 成功读取祝福语模板
2026-02-17 00:00:53,175 - INFO - 成功读取 99 条祝福附加句
2026-02-17 00:00:53,176 - INFO - 程序将在 10 秒后开始，请切换到微信界面
2026-02-17 00:01:04,265 - INFO - 微信窗口已激活
2026-02-17 00:01:04,267 - INFO - 正在给 易元昊 发送祝福
2026-02-17 00:01:05,284 - INFO - 微信窗口已激活
2026-02-17 00:01:18,096 - INFO - 成功读取 26 个联系人
2026-02-17 00:01:18,098 - INFO - 成功读取祝福语模板
2026-02-17 00:01:18,099 - INFO - 成功读取 99 条祝福附加句
2026-02-17 00:01:18,099 - INFO - 程序将在 10 秒后开始，请切换到微信界面
2026-02-17 00:01:29,178 - INFO - 微信窗口已激活
2026-02-17 00:01:29,180 - INFO - 正在给 易元昊 发送祝福
2026-02-17 00:01:30,186 - INFO - 微信窗口已激活
2026-02-17 00:01:37,914 - INFO - 微信窗口已激活
2026-02-17 00:01:41,770 - INFO - 给 易元昊 发送成功
2026-02-17 00:01:44,282 - INFO - 正在给 240吴雅岚 发送祝福
2026-02-17 00:01:45,296 - INFO - 微信窗口已激活
2026-02-17 00:01:53,034 - INFO - 微信窗口已激活
2026-02-17 00:01:56,886 - INFO - 给 240吴雅岚 发送成功
2026-02-17 00:01:59,395 - INFO - 正在给 . 发送祝福
2026-02-17 00:02:00,400 - INFO - 微信窗口已激活
2026-02-17 00:02:08,154 - INFO - 微信窗口已激活
2026-02-17 00:02:12,021 - INFO - 给 . 发送成功
2026-02-17 00:02:14,538 - INFO - 正在给 letsdev 发送祝福
2026-02-17 00:02:15,556 - INFO - 微信窗口已激活
2026-02-17 00:02:23,311 - INFO - 微信窗口已激活
2026-02-17 00:02:27,136 - INFO - 给 letsdev 发送成功
2026-02-17 00:02:29,645 - INFO - 正在给 241高芷涵 发送祝福
2026-02-17 00:02:30,655 - INFO - 微信窗口已激活
2026-02-17 00:02:38,398 - INFO - 微信窗口已激活
2026-02-17 00:02:42,223 - INFO - 给 241高芷涵 发送成功
2026-02-17 00:02:44,735 - INFO - 正在给 216成诺彦 发送祝福
2026-02-17 00:02:45,739 - INFO - 微信窗口已激活
2026-02-17 00:02:53,485 - INFO - 微信窗口已激活
2026-02-17 00:02:57,345 - INFO - 给 216成诺彦 发送成功
2026-02-17 00:02:59,861 - INFO - 正在给 220刘纯希 发送祝福
2026-02-17 00:03:00,869 - INFO - 微信窗口已激活
2026-02-17 00:03:08,622 - INFO - 微信窗口已激活
2026-02-17 00:03:12,467 - INFO - 给 220刘纯希 发送成功
2026-02-17 00:03:14,973 - INFO - 正在给 231罗榆杰 发送祝福
2026-02-17 00:03:15,992 - INFO - 微信窗口已激活
2026-02-17 00:03:23,745 - INFO - 微信窗口已激活
2026-02-17 00:03:27,600 - INFO - 给 231罗榆杰 发送成功
2026-02-17 00:03:30,105 - INFO - 正在给 232王家耀 发送祝福
2026-02-17 00:03:31,113 - INFO - 微信窗口已激活
2026-02-17 00:03:38,849 - INFO - 微信窗口已激活
2026-02-17 00:03:42,707 - INFO - 给 232王家耀 发送成功
2026-02-17 00:03:45,213 - INFO - 正在给 233梁恒湘 发送祝福
2026-02-17 00:03:46,219 - INFO - 微信窗口已激活
2026-02-17 00:03:53,970 - INFO - 微信窗口已激活
2026-02-17 00:03:57,788 - INFO - 给 233梁恒湘 发送成功
2026-02-17 00:04:00,291 - INFO - 正在给 233莫万杰 发送祝福
2026-02-17 00:04:01,299 - INFO - 微信窗口已激活
2026-02-17 00:04:09,035 - INFO - 微信窗口已激活
2026-02-17 00:04:12,906 - INFO - 给 233莫万杰 发送成功
2026-02-17 00:04:15,427 - INFO - 正在给 240董子豪 发送祝福
2026-02-17 00:04:16,445 - INFO - 微信窗口已激活
2026-02-17 00:04:24,187 - INFO - 微信窗口已激活
2026-02-17 00:04:28,000 - INFO - 给 240董子豪 发送成功
2026-02-17 00:04:30,504 - INFO - 正在给 240何沛谦 发送祝福
2026-02-17 00:04:31,516 - INFO - 微信窗口已激活
2026-02-17 00:04:39,259 - INFO - 微信窗口已激活
2026-02-17 00:04:43,090 - INFO - 给 240何沛谦 发送成功
2026-02-17 00:04:45,603 - INFO - 正在给 240黄景阳 发送祝福
2026-02-17 00:04:46,617 - INFO - 微信窗口已激活
2026-02-17 00:04:54,372 - INFO - 微信窗口已激活
2026-02-17 00:04:58,218 - INFO - 给 240黄景阳 发送成功
2026-02-17 00:05:00,726 - INFO - 正在给 240林玫秀 发送祝福
2026-02-17 00:05:01,729 - INFO - 微信窗口已激活
2026-02-17 00:05:09,466 - INFO - 微信窗口已激活
2026-02-17 00:05:13,327 - INFO - 给 240林玫秀 发送成功
2026-02-17 00:05:15,831 - INFO - 正在给 240卢俊焯 发送祝福
2026-02-17 00:05:16,843 - INFO - 微信窗口已激活
2026-02-17 00:05:24,576 - INFO - 微信窗口已激活
2026-02-17 00:05:28,416 - INFO - 给 240卢俊焯 发送成功
2026-02-17 00:05:30,928 - INFO - 正在给 240苏嘉莹 发送祝福
2026-02-17 00:05:31,944 - INFO - 微信窗口已激活
2026-02-17 00:05:39,686 - INFO - 微信窗口已激活
2026-02-17 00:05:43,505 - INFO - 给 240苏嘉莹 发送成功
2026-02-17 00:05:46,016 - INFO - 正在给 240韦晓夏 发送祝福
2026-02-17 00:05:47,032 - INFO - 微信窗口已激活
2026-02-17 00:05:54,771 - INFO - 微信窗口已激活
2026-02-17 00:05:58,648 - INFO - 给 240韦晓夏 发送成功
2026-02-17 00:06:01,153 - INFO - 正在给 240吴家熙 发送祝福
2026-02-17 00:06:02,162 - INFO - 微信窗口已激活
2026-02-17 00:06:09,927 - INFO - 微信窗口已激活
2026-02-17 00:06:13,816 - INFO - 给 240吴家熙 发送成功
2026-02-17 00:06:16,319 - INFO - 正在给 240余依琳 发送祝福
2026-02-17 00:06:17,332 - INFO - 微信窗口已激活
2026-02-17 00:06:25,052 - INFO - 微信窗口已激活
2026-02-17 00:06:28,866 - INFO - 给 240余依琳 发送成功
2026-02-17 00:06:31,384 - INFO - 正在给 240周良旭 发送祝福
2026-02-17 00:06:32,392 - INFO - 微信窗口已激活
2026-02-17 00:06:40,130 - INFO - 微信窗口已激活
2026-02-17 00:06:43,989 - INFO - 给 240周良旭 发送成功
2026-02-17 00:06:46,506 - INFO - 正在给 244黄翠莲 发送祝福
2026-02-17 00:06:47,521 - INFO - 微信窗口已激活
2026-02-17 00:06:55,253 - INFO - 微信窗口已激活
2026-02-17 00:06:59,111 - INFO - 给 244黄翠莲 发送成功
2026-02-17 00:07:01,619 - INFO - 正在给 244李凤玲 发送祝福
2026-02-17 00:07:02,634 - INFO - 微信窗口已激活
2026-02-17 00:07:10,406 - INFO - 微信窗口已激活
2026-02-17 00:07:14,215 - INFO - 给 244李凤玲 发送成功
2026-02-17 00:07:16,721 - INFO - 正在给 245叶铠莹 发送祝福
2026-02-17 00:07:17,728 - INFO - 微信窗口已激活
2026-02-17 00:07:25,496 - INFO - 微信窗口已激活
2026-02-17 00:07:29,347 - INFO - 给 245叶铠莹 发送成功
2026-02-17 00:07:31,856 - INFO - 正在给 246覃晴 发送祝福
2026-02-17 00:07:32,865 - INFO - 微信窗口已激活
2026-02-17 00:07:40,612 - INFO - 微信窗口已激活
2026-02-17 00:08:11,193 - INFO - 成功读取 2 个联系人
2026-02-17 00:08:11,194 - INFO - 成功读取祝福语模板
2026-02-17 00:08:11,194 - INFO - 成功读取 99 条祝福附加句
2026-02-17 00:08:11,194 - INFO - 程序将在 10 秒后开始，请切换到微信界面
2026-02-17 00:08:22,314 - INFO - 微信窗口已激活
2026-02-17 00:08:22,316 - INFO - 正在给 246覃晴 发送祝福
2026-02-17 00:08:23,323 - INFO - 微信窗口已激活
2026-02-17 00:08:31,076 - INFO - 微信窗口已激活
2026-02-17 00:08:34,931 - INFO - 给 246覃晴 发送成功
2026-02-17 00:08:37,438 - INFO - 正在给 246杨家佳 发送祝福
2026-02-17 00:08:38,451 - INFO - 微信窗口已激活
2026-02-17 00:08:46,174 - INFO - 微信窗口已激活
2026-02-17 00:08:50,029 - INFO - 给 246杨家佳 发送成功
2026-02-17 00:08:52,540 - INFO - 发送完成！成功: 2, 失败: 0
